Build started 8/16/2016 10:06:46 PM.
     1>Project "C:\Users\rhyth\Desktop\CG-FINAL\SixSeasons\SixSeasons\SixSeasons.vcxproj" on node 2 (Build target(s)).
     1>ClCompile:
         C:\Program Files (x86)\Microsoft Visual Studio 14.0\VC\bin\CL.exe /c /I"C:\Users\rhyth\Desktop\CG-FINAL\SixSeasons\packages\nupengl.core.0.1.0.1\build\native\../..//build/native/include/" /ZI /nologo /W3 /WX- /Od /Oy- /D WIN32 /D _DEBUG /D _CONSOLE /D _UNICODE /D UNICODE /Gm /EHsc /RTC1 /MDd /GS /fp:precise /Zc:wchar_t /Zc:forScope /Zc:inline /Fo"Debug\\" /Fd"Debug\vc140.pdb" /Gd /TP /analyze- /errorReport:prompt main.cpp
         main.cpp
     1>c:\users\rhyth\desktop\cg-final\sixseasons\sixseasons\display.h(17): warning C4067: unexpected tokens following preprocessor directive - expected a newline
     1>c:\users\rhyth\desktop\cg-final\sixseasons\sixseasons\movement.h(40): warning C4244: '=': conversion from 'double' to 'float', possible loss of data
     1>c:\users\rhyth\desktop\cg-final\sixseasons\sixseasons\movement.h(41): warning C4244: '=': conversion from 'double' to 'float', possible loss of data
     1>c:\users\rhyth\desktop\cg-final\sixseasons\sixseasons\movement.h(42): warning C4244: '=': conversion from 'double' to 'float', possible loss of data
     1>c:\users\rhyth\desktop\cg-final\sixseasons\sixseasons\movement.h(43): warning C4244: '=': conversion from 'double' to 'float', possible loss of data
     1>c:\users\rhyth\desktop\cg-final\sixseasons\sixseasons\elements.h(39): warning C4305: 'initializing': truncation from 'double' to 'GLfloat'
     1>c:\users\rhyth\desktop\cg-final\sixseasons\sixseasons\elements.h(102): warning C4244: 'argument': conversion from 'double' to 'GLfloat', possible loss of data
     1>c:\users\rhyth\desktop\cg-final\sixseasons\sixseasons\elements.h(133): warning C4244: 'argument': conversion from 'double' to 'GLfloat', possible loss of data
     1>c:\users\rhyth\desktop\cg-final\sixseasons\sixseasons\elements.h(157): warning C4305: '=': truncation from 'double' to 'float'
     1>c:\users\rhyth\desktop\cg-final\sixseasons\sixseasons\elements.h(168): warning C4244: 'argument': conversion from 'double' to 'GLfloat', possible loss of data
     1>c:\users\rhyth\desktop\cg-final\sixseasons\sixseasons\elements.h(169): warning C4244: 'argument': conversion from 'double' to 'GLfloat', possible loss of data
     1>c:\users\rhyth\desktop\cg-final\sixseasons\sixseasons\elements.h(170): warning C4244: 'argument': conversion from 'double' to 'GLfloat', possible loss of data
     1>c:\users\rhyth\desktop\cg-final\sixseasons\sixseasons\elements.h(173): warning C4244: 'argument': conversion from 'double' to 'GLfloat', possible loss of data
     1>c:\users\rhyth\desktop\cg-final\sixseasons\sixseasons\elements.h(174): warning C4244: 'argument': conversion from 'double' to 'GLfloat', possible loss of data
     1>c:\users\rhyth\desktop\cg-final\sixseasons\sixseasons\elements.h(175): warning C4244: 'argument': conversion from 'double' to 'GLfloat', possible loss of data
     1>c:\users\rhyth\desktop\cg-final\sixseasons\sixseasons\elements.h(186): warning C4244: 'argument': conversion from 'double' to 'GLfloat', possible loss of data
     1>c:\users\rhyth\desktop\cg-final\sixseasons\sixseasons\elements.h(187): warning C4244: 'argument': conversion from 'double' to 'GLfloat', possible loss of data
     1>c:\users\rhyth\desktop\cg-final\sixseasons\sixseasons\elements.h(188): warning C4244: 'argument': conversion from 'double' to 'GLfloat', possible loss of data
     1>c:\users\rhyth\desktop\cg-final\sixseasons\sixseasons\elements.h(189): warning C4244: 'argument': conversion from 'double' to 'GLfloat', possible loss of data
     1>c:\users\rhyth\desktop\cg-final\sixseasons\sixseasons\elements.h(198): warning C4244: 'argument': conversion from 'double' to 'GLfloat', possible loss of data
     1>c:\users\rhyth\desktop\cg-final\sixseasons\sixseasons\elements.h(199): warning C4244: 'argument': conversion from 'double' to 'GLfloat', possible loss of data
     1>c:\users\rhyth\desktop\cg-final\sixseasons\sixseasons\elements.h(209): warning C4244: 'argument': conversion from 'double' to 'GLfloat', possible loss of data
     1>c:\users\rhyth\desktop\cg-final\sixseasons\sixseasons\elements.h(210): warning C4244: 'argument': conversion from 'double' to 'GLfloat', possible loss of data
     1>c:\users\rhyth\desktop\cg-final\sixseasons\sixseasons\elements.h(228): warning C4244: 'argument': conversion from 'double' to 'GLfloat', possible loss of data
     1>c:\users\rhyth\desktop\cg-final\sixseasons\sixseasons\elements.h(229): warning C4244: 'argument': conversion from 'double' to 'GLfloat', possible loss of data
     1>c:\users\rhyth\desktop\cg-final\sixseasons\sixseasons\elements.h(230): warning C4244: 'argument': conversion from 'double' to 'GLfloat', possible loss of data
     1>c:\users\rhyth\desktop\cg-final\sixseasons\sixseasons\elements.h(232): warning C4244: 'argument': conversion from 'double' to 'GLfloat', possible loss of data
     1>c:\users\rhyth\desktop\cg-final\sixseasons\sixseasons\elements.h(233): warning C4244: 'argument': conversion from 'double' to 'GLfloat', possible loss of data
     1>c:\users\rhyth\desktop\cg-final\sixseasons\sixseasons\elements.h(234): warning C4244: 'argument': conversion from 'double' to 'GLfloat', possible loss of data
     1>c:\users\rhyth\desktop\cg-final\sixseasons\sixseasons\elements.h(235): warning C4244: 'argument': conversion from 'double' to 'GLfloat', possible loss of data
     1>c:\users\rhyth\desktop\cg-final\sixseasons\sixseasons\elements.h(236): warning C4244: 'argument': conversion from 'double' to 'GLfloat', possible loss of data
     1>c:\users\rhyth\desktop\cg-final\sixseasons\sixseasons\elements.h(237): warning C4244: 'argument': conversion from 'double' to 'GLfloat', possible loss of data
     1>c:\users\rhyth\desktop\cg-final\sixseasons\sixseasons\elements.h(238): warning C4244: 'argument': conversion from 'double' to 'GLfloat', possible loss of data
     1>c:\users\rhyth\desktop\cg-final\sixseasons\sixseasons\elements.h(239): warning C4244: 'argument': conversion from 'double' to 'GLfloat', possible loss of data
     1>c:\users\rhyth\desktop\cg-final\sixseasons\sixseasons\elements.h(240): warning C4244: 'argument': conversion from 'double' to 'GLfloat', possible loss of data
     1>c:\users\rhyth\desktop\cg-final\sixseasons\sixseasons\elements.h(241): warning C4244: 'argument': conversion from 'double' to 'GLfloat', possible loss of data
     1>c:\users\rhyth\desktop\cg-final\sixseasons\sixseasons\elements.h(242): warning C4244: 'argument': conversion from 'double' to 'GLfloat', possible loss of data
     1>c:\users\rhyth\desktop\cg-final\sixseasons\sixseasons\elements.h(243): warning C4244: 'argument': conversion from 'double' to 'GLfloat', possible loss of data
     1>c:\users\rhyth\desktop\cg-final\sixseasons\sixseasons\elements.h(244): warning C4244: 'argument': conversion from 'double' to 'GLfloat', possible loss of data
     1>c:\users\rhyth\desktop\cg-final\sixseasons\sixseasons\elements.h(255): warning C4244: 'initializing': conversion from 'double' to 'float', possible loss of data
     1>c:\users\rhyth\desktop\cg-final\sixseasons\sixseasons\elements.h(270): warning C4244: 'argument': conversion from 'double' to 'GLfloat', possible loss of data
     1>c:\users\rhyth\desktop\cg-final\sixseasons\sixseasons\elements.h(271): warning C4244: 'argument': conversion from 'double' to 'GLfloat', possible loss of data
     1>c:\users\rhyth\desktop\cg-final\sixseasons\sixseasons\elements.h(272): warning C4244: 'argument': conversion from 'double' to 'GLfloat', possible loss of data
     1>c:\users\rhyth\desktop\cg-final\sixseasons\sixseasons\elements.h(273): warning C4244: 'argument': conversion from 'double' to 'GLfloat', possible loss of data
     1>c:\users\rhyth\desktop\cg-final\sixseasons\sixseasons\elements.h(303): warning C4244: 'argument': conversion from 'double' to 'GLfloat', possible loss of data
     1>c:\users\rhyth\desktop\cg-final\sixseasons\sixseasons\elements.h(304): warning C4244: 'argument': conversion from 'double' to 'GLfloat', possible loss of data
     1>c:\users\rhyth\desktop\cg-final\sixseasons\sixseasons\elements.h(305): warning C4244: 'argument': conversion from 'double' to 'GLfloat', possible loss of data
     1>c:\users\rhyth\desktop\cg-final\sixseasons\sixseasons\elements.h(306): warning C4244: 'argument': conversion from 'double' to 'GLfloat', possible loss of data
     1>c:\users\rhyth\desktop\cg-final\sixseasons\sixseasons\elements.h(312): warning C4244: 'argument': conversion from 'double' to 'GLfloat', possible loss of data
     1>c:\users\rhyth\desktop\cg-final\sixseasons\sixseasons\elements.h(313): warning C4244: 'argument': conversion from 'double' to 'GLfloat', possible loss of data
     1>c:\users\rhyth\desktop\cg-final\sixseasons\sixseasons\elements.h(314): warning C4244: 'argument': conversion from 'double' to 'GLfloat', possible loss of data
     1>c:\users\rhyth\desktop\cg-final\sixseasons\sixseasons\elements.h(315): warning C4244: 'argument': conversion from 'double' to 'GLfloat', possible loss of data
     1>c:\users\rhyth\desktop\cg-final\sixseasons\sixseasons\elements.h(332): warning C4244: 'argument': conversion from 'double' to 'GLfloat', possible loss of data
     1>c:\users\rhyth\desktop\cg-final\sixseasons\sixseasons\elements.h(333): warning C4244: 'argument': conversion from 'double' to 'GLfloat', possible loss of data
     1>c:\users\rhyth\desktop\cg-final\sixseasons\sixseasons\elements.h(342): warning C4244: 'argument': conversion from 'double' to 'GLfloat', possible loss of data
     1>c:\users\rhyth\desktop\cg-final\sixseasons\sixseasons\elements.h(344): warning C4244: 'argument': conversion from 'double' to 'GLfloat', possible loss of data
     1>c:\users\rhyth\desktop\cg-final\sixseasons\sixseasons\elements.h(345): warning C4244: 'argument': conversion from 'double' to 'GLfloat', possible loss of data
     1>c:\users\rhyth\desktop\cg-final\sixseasons\sixseasons\elements.h(354): warning C4244: 'argument': conversion from 'double' to 'GLfloat', possible loss of data
     1>c:\users\rhyth\desktop\cg-final\sixseasons\sixseasons\elements.h(355): warning C4244: 'argument': conversion from 'double' to 'GLfloat', possible loss of data
     1>c:\users\rhyth\desktop\cg-final\sixseasons\sixseasons\elements.h(357): warning C4244: 'argument': conversion from 'double' to 'GLfloat', possible loss of data
     1>c:\users\rhyth\desktop\cg-final\sixseasons\sixseasons\elements.h(358): warning C4244: 'argument': conversion from 'double' to 'GLfloat', possible loss of data
     1>c:\users\rhyth\desktop\cg-final\sixseasons\sixseasons\elements.h(364): warning C4244: 'argument': conversion from 'double' to 'GLfloat', possible loss of data
     1>c:\users\rhyth\desktop\cg-final\sixseasons\sixseasons\elements.h(365): warning C4244: 'argument': conversion from 'double' to 'GLfloat', possible loss of data
     1>c:\users\rhyth\desktop\cg-final\sixseasons\sixseasons\elements.h(367): warning C4244: 'argument': conversion from 'double' to 'GLfloat', possible loss of data
     1>c:\users\rhyth\desktop\cg-final\sixseasons\sixseasons\elements.h(368): warning C4244: 'argument': conversion from 'double' to 'GLfloat', possible loss of data
     1>c:\users\rhyth\desktop\cg-final\sixseasons\sixseasons\elements.h(374): warning C4244: 'argument': conversion from 'double' to 'GLfloat', possible loss of data
     1>c:\users\rhyth\desktop\cg-final\sixseasons\sixseasons\elements.h(377): warning C4244: 'argument': conversion from 'double' to 'GLfloat', possible loss of data
     1>c:\users\rhyth\desktop\cg-final\sixseasons\sixseasons\elements.h(380): warning C4244: 'argument': conversion from 'double' to 'GLfloat', possible loss of data
     1>c:\users\rhyth\desktop\cg-final\sixseasons\sixseasons\elements.h(383): warning C4244: 'argument': conversion from 'double' to 'GLfloat', possible loss of data
     1>c:\users\rhyth\desktop\cg-final\sixseasons\sixseasons\elements.h(390): warning C4244: 'argument': conversion from 'double' to 'GLfloat', possible loss of data
     1>c:\users\rhyth\desktop\cg-final\sixseasons\sixseasons\elements.h(391): warning C4244: 'argument': conversion from 'double' to 'GLfloat', possible loss of data
     1>c:\users\rhyth\desktop\cg-final\sixseasons\sixseasons\elements.h(392): warning C4244: 'argument': conversion from 'double' to 'GLfloat', possible loss of data
     1>c:\users\rhyth\desktop\cg-final\sixseasons\sixseasons\elements.h(397): warning C4244: 'argument': conversion from 'double' to 'GLfloat', possible loss of data
     1>c:\users\rhyth\desktop\cg-final\sixseasons\sixseasons\elements.h(409): warning C4244: 'argument': conversion from 'double' to 'GLfloat', possible loss of data
     1>c:\users\rhyth\desktop\cg-final\sixseasons\sixseasons\elements.h(413): warning C4244: 'argument': conversion from 'double' to 'GLfloat', possible loss of data
     1>c:\users\rhyth\desktop\cg-final\sixseasons\sixseasons\elements.h(414): warning C4244: 'argument': conversion from 'double' to 'GLfloat', possible loss of data
     1>c:\users\rhyth\desktop\cg-final\sixseasons\sixseasons\elements.h(415): warning C4244: 'argument': conversion from 'double' to 'GLfloat', possible loss of data
     1>c:\users\rhyth\desktop\cg-final\sixseasons\sixseasons\elements.h(421): warning C4244: 'argument': conversion from 'double' to 'GLfloat', possible loss of data
     1>c:\users\rhyth\desktop\cg-final\sixseasons\sixseasons\elements.h(422): warning C4244: 'argument': conversion from 'double' to 'GLfloat', possible loss of data
     1>c:\users\rhyth\desktop\cg-final\sixseasons\sixseasons\elements.h(423): warning C4244: 'argument': conversion from 'double' to 'GLfloat', possible loss of data
     1>c:\users\rhyth\desktop\cg-final\sixseasons\sixseasons\elements.h(424): warning C4244: 'argument': conversion from 'double' to 'GLfloat', possible loss of data
     1>c:\users\rhyth\desktop\cg-final\sixseasons\sixseasons\elements.h(469): warning C4244: 'argument': conversion from 'double' to 'GLfloat', possible loss of data
     1>c:\users\rhyth\desktop\cg-final\sixseasons\sixseasons\elements.h(470): warning C4244: 'argument': conversion from 'double' to 'GLfloat', possible loss of data
     1>c:\users\rhyth\desktop\cg-final\sixseasons\sixseasons\elements.h(471): warning C4244: 'argument': conversion from 'double' to 'GLfloat', possible loss of data
     1>c:\users\rhyth\desktop\cg-final\sixseasons\sixseasons\elements.h(472): warning C4244: 'argument': conversion from 'double' to 'GLfloat', possible loss of data
     1>c:\users\rhyth\desktop\cg-final\sixseasons\sixseasons\elements.h(507): warning C4305: '=': truncation from 'double' to 'float'
     1>c:\users\rhyth\desktop\cg-final\sixseasons\sixseasons\elements.h(509): warning C4305: 'argument': truncation from 'double' to 'float'
     1>c:\users\rhyth\desktop\cg-final\sixseasons\sixseasons\elements.h(509): warning C4244: 'argument': conversion from 'double' to 'float', possible loss of data
     1>c:\users\rhyth\desktop\cg-final\sixseasons\sixseasons\elements.h(512): warning C4305: 'argument': truncation from 'double' to 'float'
     1>c:\users\rhyth\desktop\cg-final\sixseasons\sixseasons\elements.h(512): warning C4244: 'argument': conversion from 'double' to 'float', possible loss of data
     1>c:\users\rhyth\desktop\cg-final\sixseasons\sixseasons\elements.h(513): warning C4305: 'argument': truncation from 'double' to 'float'
     1>c:\users\rhyth\desktop\cg-final\sixseasons\sixseasons\elements.h(513): warning C4244: 'argument': conversion from 'double' to 'float', possible loss of data
     1>c:\users\rhyth\desktop\cg-final\sixseasons\sixseasons\elements.h(516): warning C4305: 'argument': truncation from 'double' to 'float'
     1>c:\users\rhyth\desktop\cg-final\sixseasons\sixseasons\elements.h(516): warning C4244: 'argument': conversion from 'double' to 'float', possible loss of data
     1>c:\users\rhyth\desktop\cg-final\sixseasons\sixseasons\elements.h(517): warning C4305: 'argument': truncation from 'double' to 'float'
     1>c:\users\rhyth\desktop\cg-final\sixseasons\sixseasons\elements.h(517): warning C4244: 'argument': conversion from 'double' to 'float', possible loss of data
     1>c:\users\rhyth\desktop\cg-final\sixseasons\sixseasons\elements.h(522): warning C4244: 'argument': conversion from 'double' to 'GLfloat', possible loss of data
     1>c:\users\rhyth\desktop\cg-final\sixseasons\sixseasons\elements.h(523): warning C4244: 'argument': conversion from 'double' to 'GLfloat', possible loss of data
     1>c:\users\rhyth\desktop\cg-final\sixseasons\sixseasons\elements.h(524): warning C4244: 'argument': conversion from 'double' to 'GLfloat', possible loss of data
     1>c:\users\rhyth\desktop\cg-final\sixseasons\sixseasons\elements.h(525): warning C4244: 'argument': conversion from 'double' to 'GLfloat', possible loss of data
     1>c:\users\rhyth\desktop\cg-final\sixseasons\sixseasons\elements.h(526): warning C4244: 'argument': conversion from 'double' to 'GLfloat', possible loss of data
     1>c:\users\rhyth\desktop\cg-final\sixseasons\sixseasons\elements.h(534): warning C4244: 'argument': conversion from 'double' to 'GLfloat', possible loss of data
     1>c:\users\rhyth\desktop\cg-final\sixseasons\sixseasons\elements.h(535): warning C4244: 'argument': conversion from 'double' to 'GLfloat', possible loss of data
     1>c:\users\rhyth\desktop\cg-final\sixseasons\sixseasons\elements.h(536): warning C4244: 'argument': conversion from 'double' to 'GLfloat', possible loss of data
     1>c:\users\rhyth\desktop\cg-final\sixseasons\sixseasons\elements.h(544): warning C4244: 'argument': conversion from 'double' to 'GLfloat', possible loss of data
     1>c:\users\rhyth\desktop\cg-final\sixseasons\sixseasons\elements.h(545): warning C4244: 'argument': conversion from 'double' to 'GLfloat', possible loss of data
     1>c:\users\rhyth\desktop\cg-final\sixseasons\sixseasons\elements.h(546): warning C4244: 'argument': conversion from 'double' to 'GLfloat', possible loss of data
     1>c:\users\rhyth\desktop\cg-final\sixseasons\sixseasons\elements.h(555): warning C4244: 'argument': conversion from 'double' to 'GLfloat', possible loss of data
     1>c:\users\rhyth\desktop\cg-final\sixseasons\sixseasons\elements.h(556): warning C4244: 'argument': conversion from 'double' to 'GLfloat', possible loss of data
     1>c:\users\rhyth\desktop\cg-final\sixseasons\sixseasons\elements.h(557): warning C4244: 'argument': conversion from 'double' to 'GLfloat', possible loss of data
     1>c:\users\rhyth\desktop\cg-final\sixseasons\sixseasons\elements.h(565): warning C4244: 'argument': conversion from 'double' to 'GLfloat', possible loss of data
     1>c:\users\rhyth\desktop\cg-final\sixseasons\sixseasons\elements.h(566): warning C4244: 'argument': conversion from 'double' to 'GLfloat', possible loss of data
     1>c:\users\rhyth\desktop\cg-final\sixseasons\sixseasons\elements.h(567): warning C4244: 'argument': conversion from 'double' to 'GLfloat', possible loss of data
     1>c:\users\rhyth\desktop\cg-final\sixseasons\sixseasons\elements.h(575): warning C4244: 'argument': conversion from 'double' to 'GLfloat', possible loss of data
     1>c:\users\rhyth\desktop\cg-final\sixseasons\sixseasons\elements.h(576): warning C4244: 'argument': conversion from 'double' to 'GLfloat', possible loss of data
     1>c:\users\rhyth\desktop\cg-final\sixseasons\sixseasons\elements.h(577): warning C4244: 'argument': conversion from 'double' to 'GLfloat', possible loss of data
     1>c:\users\rhyth\desktop\cg-final\sixseasons\sixseasons\elements.h(578): warning C4244: 'argument': conversion from 'double' to 'GLfloat', possible loss of data
     1>c:\users\rhyth\desktop\cg-final\sixseasons\sixseasons\elements.h(582): warning C4305: 'argument': truncation from 'double' to 'float'
     1>c:\users\rhyth\desktop\cg-final\sixseasons\sixseasons\elements.h(582): warning C4244: 'argument': conversion from 'double' to 'float', possible loss of data
     1>c:\users\rhyth\desktop\cg-final\sixseasons\sixseasons\elements.h(595): warning C4244: 'argument': conversion from 'double' to 'GLfloat', possible loss of data
     1>c:\users\rhyth\desktop\cg-final\sixseasons\sixseasons\elements.h(596): warning C4244: 'argument': conversion from 'double' to 'GLfloat', possible loss of data
     1>c:\users\rhyth\desktop\cg-final\sixseasons\sixseasons\elements.h(597): warning C4244: 'argument': conversion from 'double' to 'GLfloat', possible loss of data
     1>c:\users\rhyth\desktop\cg-final\sixseasons\sixseasons\elements.h(598): warning C4244: 'argument': conversion from 'double' to 'GLfloat', possible loss of data
     1>c:\users\rhyth\desktop\cg-final\sixseasons\sixseasons\elements.h(601): warning C4244: 'argument': conversion from 'double' to 'GLfloat', possible loss of data
     1>c:\users\rhyth\desktop\cg-final\sixseasons\sixseasons\elements.h(602): warning C4244: 'argument': conversion from 'double' to 'GLfloat', possible loss of data
     1>c:\users\rhyth\desktop\cg-final\sixseasons\sixseasons\elements.h(603): warning C4244: 'argument': conversion from 'double' to 'GLfloat', possible loss of data
     1>c:\users\rhyth\desktop\cg-final\sixseasons\sixseasons\elements.h(604): warning C4244: 'argument': conversion from 'double' to 'GLfloat', possible loss of data
     1>c:\users\rhyth\desktop\cg-final\sixseasons\sixseasons\elements.h(607): warning C4244: 'argument': conversion from 'double' to 'GLfloat', possible loss of data
     1>c:\users\rhyth\desktop\cg-final\sixseasons\sixseasons\elements.h(608): warning C4244: 'argument': conversion from 'double' to 'GLfloat', possible loss of data
     1>c:\users\rhyth\desktop\cg-final\sixseasons\sixseasons\elements.h(609): warning C4244: 'argument': conversion from 'double' to 'GLfloat', possible loss of data
     1>c:\users\rhyth\desktop\cg-final\sixseasons\sixseasons\elements.h(611): warning C4244: 'argument': conversion from 'double' to 'GLfloat', possible loss of data
     1>c:\users\rhyth\desktop\cg-final\sixseasons\sixseasons\elements.h(613): warning C4244: 'argument': conversion from 'double' to 'GLfloat', possible loss of data
     1>c:\users\rhyth\desktop\cg-final\sixseasons\sixseasons\elements.h(620): warning C4244: 'argument': conversion from 'double' to 'float', possible loss of data
     1>c:\users\rhyth\desktop\cg-final\sixseasons\sixseasons\elements.h(625): warning C4244: 'argument': conversion from 'double' to 'GLfloat', possible loss of data
     1>c:\users\rhyth\desktop\cg-final\sixseasons\sixseasons\elements.h(626): warning C4244: 'argument': conversion from 'double' to 'GLfloat', possible loss of data
     1>c:\users\rhyth\desktop\cg-final\sixseasons\sixseasons\elements.h(627): warning C4244: 'argument': conversion from 'double' to 'GLfloat', possible loss of data
     1>c:\users\rhyth\desktop\cg-final\sixseasons\sixseasons\elements.h(628): warning C4244: 'argument': conversion from 'double' to 'GLfloat', possible loss of data
     1>c:\users\rhyth\desktop\cg-final\sixseasons\sixseasons\elements.h(634): warning C4244: 'argument': conversion from 'double' to 'GLfloat', possible loss of data
     1>c:\users\rhyth\desktop\cg-final\sixseasons\sixseasons\elements.h(635): warning C4244: 'argument': conversion from 'double' to 'GLfloat', possible loss of data
     1>c:\users\rhyth\desktop\cg-final\sixseasons\sixseasons\elements.h(636): warning C4244: 'argument': conversion from 'double' to 'GLfloat', possible loss of data
     1>c:\users\rhyth\desktop\cg-final\sixseasons\sixseasons\elements.h(637): warning C4244: 'argument': conversion from 'double' to 'GLfloat', possible loss of data
     1>c:\users\rhyth\desktop\cg-final\sixseasons\sixseasons\elements.h(659): warning C4244: 'argument': conversion from 'double' to 'float', possible loss of data
     1>c:\users\rhyth\desktop\cg-final\sixseasons\sixseasons\elements.h(671): warning C4244: 'argument': conversion from 'double' to 'GLfloat', possible loss of data
     1>c:\users\rhyth\desktop\cg-final\sixseasons\sixseasons\elements.h(672): warning C4244: 'argument': conversion from 'double' to 'GLfloat', possible loss of data
     1>c:\users\rhyth\desktop\cg-final\sixseasons\sixseasons\elements.h(688): warning C4244: 'argument': conversion from 'double' to 'GLfloat', possible loss of data
     1>c:\users\rhyth\desktop\cg-final\sixseasons\sixseasons\elements.h(689): warning C4244: 'argument': conversion from 'double' to 'GLfloat', possible loss of data
     1>c:\users\rhyth\desktop\cg-final\sixseasons\sixseasons\elements.h(691): warning C4244: 'argument': conversion from 'double' to 'GLfloat', possible loss of data
     1>c:\users\rhyth\desktop\cg-final\sixseasons\sixseasons\elements.h(700): warning C4244: 'argument': conversion from 'double' to 'GLfloat', possible loss of data
     1>c:\users\rhyth\desktop\cg-final\sixseasons\sixseasons\elements.h(701): warning C4244: 'argument': conversion from 'double' to 'GLfloat', possible loss of data
     1>c:\users\rhyth\desktop\cg-final\sixseasons\sixseasons\elements.h(702): warning C4244: 'argument': conversion from 'double' to 'GLfloat', possible loss of data
     1>c:\users\rhyth\desktop\cg-final\sixseasons\sixseasons\elements.h(703): warning C4244: 'argument': conversion from 'double' to 'GLfloat', possible loss of data
     1>c:\users\rhyth\desktop\cg-final\sixseasons\sixseasons\elements.h(704): warning C4244: 'argument': conversion from 'double' to 'GLfloat', possible loss of data
     1>c:\users\rhyth\desktop\cg-final\sixseasons\sixseasons\elements.h(705): warning C4244: 'argument': conversion from 'double' to 'GLfloat', possible loss of data
     1>c:\users\rhyth\desktop\cg-final\sixseasons\sixseasons\elements.h(706): warning C4244: 'argument': conversion from 'double' to 'GLfloat', possible loss of data
     1>c:\users\rhyth\desktop\cg-final\sixseasons\sixseasons\elements.h(707): warning C4244: 'argument': conversion from 'double' to 'GLfloat', possible loss of data
     1>c:\users\rhyth\desktop\cg-final\sixseasons\sixseasons\elements.h(716): warning C4244: 'argument': conversion from 'double' to 'GLfloat', possible loss of data
     1>c:\users\rhyth\desktop\cg-final\sixseasons\sixseasons\elements.h(717): warning C4244: 'argument': conversion from 'double' to 'GLfloat', possible loss of data
     1>c:\users\rhyth\desktop\cg-final\sixseasons\sixseasons\elements.h(718): warning C4244: 'argument': conversion from 'double' to 'GLfloat', possible loss of data
     1>c:\users\rhyth\desktop\cg-final\sixseasons\sixseasons\elements.h(728): warning C4244: 'argument': conversion from 'double' to 'GLfloat', possible loss of data
     1>c:\users\rhyth\desktop\cg-final\sixseasons\sixseasons\elements.h(731): warning C4244: 'argument': conversion from 'double' to 'GLfloat', possible loss of data
     1>c:\users\rhyth\desktop\cg-final\sixseasons\sixseasons\elements.h(732): warning C4244: 'argument': conversion from 'double' to 'GLfloat', possible loss of data
     1>c:\users\rhyth\desktop\cg-final\sixseasons\sixseasons\elements.h(743): warning C4244: 'argument': conversion from 'double' to 'GLfloat', possible loss of data
     1>c:\users\rhyth\desktop\cg-final\sixseasons\sixseasons\elements.h(748): warning C4244: 'argument': conversion from 'double' to 'GLfloat', possible loss of data
     1>c:\users\rhyth\desktop\cg-final\sixseasons\sixseasons\elements.h(757): warning C4244: 'argument': conversion from 'double' to 'GLfloat', possible loss of data
     1>c:\users\rhyth\desktop\cg-final\sixseasons\sixseasons\elements.h(758): warning C4244: 'argument': conversion from 'double' to 'GLfloat', possible loss of data
     1>c:\users\rhyth\desktop\cg-final\sixseasons\sixseasons\elements.h(766): warning C4244: 'argument': conversion from 'double' to 'float', possible loss of data
     1>c:\users\rhyth\desktop\cg-final\sixseasons\sixseasons\elements.h(770): warning C4244: 'argument': conversion from 'double' to 'float', possible loss of data
     1>c:\users\rhyth\desktop\cg-final\sixseasons\sixseasons\elements.h(772): warning C4244: 'argument': conversion from 'double' to 'float', possible loss of data
     1>c:\users\rhyth\desktop\cg-final\sixseasons\sixseasons\elements.h(773): warning C4244: 'argument': conversion from 'double' to 'float', possible loss of data
     1>c:\users\rhyth\desktop\cg-final\sixseasons\sixseasons\elements.h(774): warning C4244: 'argument': conversion from 'double' to 'float', possible loss of data
     1>c:\users\rhyth\desktop\cg-final\sixseasons\sixseasons\elements.h(775): warning C4244: 'argument': conversion from 'double' to 'float', possible loss of data
     1>c:\users\rhyth\desktop\cg-final\sixseasons\sixseasons\elements.h(781): warning C4244: 'argument': conversion from 'double' to 'GLfloat', possible loss of data
     1>c:\users\rhyth\desktop\cg-final\sixseasons\sixseasons\elements.h(787): warning C4305: 'initializing': truncation from 'double' to 'float'
     1>c:\users\rhyth\desktop\cg-final\sixseasons\sixseasons\elements.h(789): warning C4305: '=': truncation from 'double' to 'float'
     1>c:\users\rhyth\desktop\cg-final\sixseasons\sixseasons\elements.h(800): warning C4244: 'argument': conversion from 'double' to 'GLfloat', possible loss of data
     1>c:\users\rhyth\desktop\cg-final\sixseasons\sixseasons\elements.h(812): warning C4244: 'argument': conversion from 'double' to 'GLfloat', possible loss of data
     1>c:\users\rhyth\desktop\cg-final\sixseasons\sixseasons\elements.h(823): warning C4244: 'argument': conversion from 'double' to 'GLfloat', possible loss of data
     1>c:\users\rhyth\desktop\cg-final\sixseasons\sixseasons\elements.h(824): warning C4244: 'argument': conversion from 'double' to 'GLfloat', possible loss of data
     1>c:\users\rhyth\desktop\cg-final\sixseasons\sixseasons\elements.h(825): warning C4244: 'argument': conversion from 'double' to 'GLfloat', possible loss of data
     1>c:\users\rhyth\desktop\cg-final\sixseasons\sixseasons\elements.h(828): warning C4244: 'argument': conversion from 'double' to 'float', possible loss of data
     1>c:\users\rhyth\desktop\cg-final\sixseasons\sixseasons\elements.h(834): warning C4244: 'argument': conversion from 'double' to 'GLfloat', possible loss of data
     1>c:\users\rhyth\desktop\cg-final\sixseasons\sixseasons\elements.h(835): warning C4244: 'argument': conversion from 'double' to 'GLfloat', possible loss of data
     1>c:\users\rhyth\desktop\cg-final\sixseasons\sixseasons\elements.h(836): warning C4244: 'argument': conversion from 'double' to 'GLfloat', possible loss of data
     1>c:\users\rhyth\desktop\cg-final\sixseasons\sixseasons\elements.h(837): warning C4244: 'argument': conversion from 'double' to 'GLfloat', possible loss of data
     1>c:\users\rhyth\desktop\cg-final\sixseasons\sixseasons\elements.h(838): warning C4244: 'argument': conversion from 'double' to 'GLfloat', possible loss of data
     1>c:\users\rhyth\desktop\cg-final\sixseasons\sixseasons\elements.h(848): warning C4244: 'argument': conversion from 'double' to 'GLfloat', possible loss of data
     1>c:\users\rhyth\desktop\cg-final\sixseasons\sixseasons\elements.h(849): warning C4244: 'argument': conversion from 'double' to 'GLfloat', possible loss of data
     1>c:\users\rhyth\desktop\cg-final\sixseasons\sixseasons\elements.h(850): warning C4244: 'argument': conversion from 'double' to 'GLfloat', possible loss of data
     1>c:\users\rhyth\desktop\cg-final\sixseasons\sixseasons\elements.h(851): warning C4244: 'argument': conversion from 'double' to 'GLfloat', possible loss of data
     1>c:\users\rhyth\desktop\cg-final\sixseasons\sixseasons\elements.h(858): warning C4244: 'argument': conversion from 'double' to 'GLfloat', possible loss of data
     1>c:\users\rhyth\desktop\cg-final\sixseasons\sixseasons\elements.h(859): warning C4244: 'argument': conversion from 'double' to 'GLfloat', possible loss of data
     1>c:\users\rhyth\desktop\cg-final\sixseasons\sixseasons\elements.h(860): warning C4244: 'argument': conversion from 'double' to 'GLfloat', possible loss of data
     1>c:\users\rhyth\desktop\cg-final\sixseasons\sixseasons\elements.h(861): warning C4244: 'argument': conversion from 'double' to 'GLfloat', possible loss of data
     1>c:\users\rhyth\desktop\cg-final\sixseasons\sixseasons\elements.h(868): warning C4244: 'argument': conversion from 'double' to 'GLfloat', possible loss of data
     1>c:\users\rhyth\desktop\cg-final\sixseasons\sixseasons\elements.h(871): warning C4244: 'argument': conversion from 'double' to 'GLfloat', possible loss of data
     1>c:\users\rhyth\desktop\cg-final\sixseasons\sixseasons\elements.h(921): warning C4244: 'argument': conversion from 'double' to 'GLfloat', possible loss of data
     1>c:\users\rhyth\desktop\cg-final\sixseasons\sixseasons\elements.h(922): warning C4244: 'argument': conversion from 'double' to 'GLfloat', possible loss of data
     1>c:\users\rhyth\desktop\cg-final\sixseasons\sixseasons\elements.h(926): warning C4244: 'argument': conversion from 'double' to 'GLfloat', possible loss of data
     1>c:\users\rhyth\desktop\cg-final\sixseasons\sixseasons\elements.h(927): warning C4244: 'argument': conversion from 'double' to 'GLfloat', possible loss of data
     1>c:\users\rhyth\desktop\cg-final\sixseasons\sixseasons\elements.h(932): warning C4244: 'argument': conversion from 'double' to 'GLfloat', possible loss of data
     1>c:\users\rhyth\desktop\cg-final\sixseasons\sixseasons\elements.h(936): warning C4244: 'argument': conversion from 'double' to 'GLfloat', possible loss of data
     1>c:\users\rhyth\desktop\cg-final\sixseasons\sixseasons\elements.h(937): warning C4244: 'argument': conversion from 'double' to 'GLfloat', possible loss of data
     1>c:\users\rhyth\desktop\cg-final\sixseasons\sixseasons\elements.h(941): warning C4244: 'argument': conversion from 'double' to 'GLfloat', possible loss of data
     1>c:\users\rhyth\desktop\cg-final\sixseasons\sixseasons\elements.h(942): warning C4244: 'argument': conversion from 'double' to 'GLfloat', possible loss of data
     1>c:\users\rhyth\desktop\cg-final\sixseasons\sixseasons\elements.h(946): warning C4244: 'argument': conversion from 'double' to 'GLfloat', possible loss of data
     1>c:\users\rhyth\desktop\cg-final\sixseasons\sixseasons\elements.h(947): warning C4244: 'argument': conversion from 'double' to 'GLfloat', possible loss of data
     1>c:\users\rhyth\desktop\cg-final\sixseasons\sixseasons\elements.h(951): warning C4244: 'argument': conversion from 'double' to 'GLfloat', possible loss of data
     1>c:\users\rhyth\desktop\cg-final\sixseasons\sixseasons\elements.h(952): warning C4244: 'argument': conversion from 'double' to 'GLfloat', possible loss of data
     1>c:\users\rhyth\desktop\cg-final\sixseasons\sixseasons\elements.h(956): warning C4244: 'argument': conversion from 'double' to 'GLfloat', possible loss of data
     1>c:\users\rhyth\desktop\cg-final\sixseasons\sixseasons\elements.h(957): warning C4244: 'argument': conversion from 'double' to 'GLfloat', possible loss of data
     1>c:\users\rhyth\desktop\cg-final\sixseasons\sixseasons\elements.h(965): warning C4244: 'argument': conversion from 'double' to 'GLfloat', possible loss of data
     1>c:\users\rhyth\desktop\cg-final\sixseasons\sixseasons\elements.h(966): warning C4244: 'argument': conversion from 'double' to 'GLfloat', possible loss of data
     1>c:\users\rhyth\desktop\cg-final\sixseasons\sixseasons\elements.h(967): warning C4244: 'argument': conversion from 'double' to 'GLfloat', possible loss of data
     1>c:\users\rhyth\desktop\cg-final\sixseasons\sixseasons\elements.h(968): warning C4244: 'argument': conversion from 'double' to 'GLfloat', possible loss of data
     1>c:\users\rhyth\desktop\cg-final\sixseasons\sixseasons\elements.h(969): warning C4244: 'argument': conversion from 'double' to 'GLfloat', possible loss of data
     1>c:\users\rhyth\desktop\cg-final\sixseasons\sixseasons\elements.h(1012): warning C4244: 'argument': conversion from 'double' to 'float', possible loss of data
     1>c:\users\rhyth\desktop\cg-final\sixseasons\sixseasons\elements.h(1014): warning C4244: 'argument': conversion from 'double' to 'float', possible loss of data
     1>c:\users\rhyth\desktop\cg-final\sixseasons\sixseasons\elements.h(1021): warning C4244: 'argument': conversion from 'double' to 'GLfloat', possible loss of data
     1>c:\users\rhyth\desktop\cg-final\sixseasons\sixseasons\elements.h(1035): warning C4244: 'argument': conversion from 'double' to 'float', possible loss of data
     1>c:\users\rhyth\desktop\cg-final\sixseasons\sixseasons\elements.h(1036): warning C4244: 'argument': conversion from 'double' to 'float', possible loss of data
     1>c:\users\rhyth\desktop\cg-final\sixseasons\sixseasons\elements.h(1039): warning C4244: 'argument': conversion from 'double' to 'GLfloat', possible loss of data
     1>c:\users\rhyth\desktop\cg-final\sixseasons\sixseasons\elements.h(1040): warning C4244: 'argument': conversion from 'double' to 'GLfloat', possible loss of data
     1>c:\users\rhyth\desktop\cg-final\sixseasons\sixseasons\elements.h(1041): warning C4244: 'argument': conversion from 'double' to 'GLfloat', possible loss of data
     1>c:\users\rhyth\desktop\cg-final\sixseasons\sixseasons\elements.h(1042): warning C4244: 'argument': conversion from 'double' to 'GLfloat', possible loss of data
     1>c:\users\rhyth\desktop\cg-final\sixseasons\sixseasons\elements.h(1048): warning C4244: 'argument': conversion from 'double' to 'GLfloat', possible loss of data
     1>c:\users\rhyth\desktop\cg-final\sixseasons\sixseasons\elements.h(1049): warning C4244: 'argument': conversion from 'double' to 'GLfloat', possible loss of data
     1>c:\users\rhyth\desktop\cg-final\sixseasons\sixseasons\elements.h(1050): warning C4244: 'argument': conversion from 'double' to 'GLfloat', possible loss of data
     1>c:\users\rhyth\desktop\cg-final\sixseasons\sixseasons\elements.h(1055): warning C4244: 'argument': conversion from 'double' to 'GLfloat', possible loss of data
     1>c:\users\rhyth\desktop\cg-final\sixseasons\sixseasons\elements.h(1056): warning C4244: 'argument': conversion from 'double' to 'GLfloat', possible loss of data
     1>c:\users\rhyth\desktop\cg-final\sixseasons\sixseasons\elements.h(1057): warning C4244: 'argument': conversion from 'double' to 'GLfloat', possible loss of data
     1>c:\users\rhyth\desktop\cg-final\sixseasons\sixseasons\elements.h(1058): warning C4244: 'argument': conversion from 'double' to 'GLfloat', possible loss of data
     1>c:\users\rhyth\desktop\cg-final\sixseasons\sixseasons\elements.h(1065): warning C4244: 'argument': conversion from 'double' to 'GLfloat', possible loss of data
     1>c:\users\rhyth\desktop\cg-final\sixseasons\sixseasons\elements.h(1066): warning C4244: 'argument': conversion from 'double' to 'GLfloat', possible loss of data
     1>c:\users\rhyth\desktop\cg-final\sixseasons\sixseasons\elements.h(1067): warning C4244: 'argument': conversion from 'double' to 'GLfloat', possible loss of data
     1>c:\users\rhyth\desktop\cg-final\sixseasons\sixseasons\elements.h(1068): warning C4244: 'argument': conversion from 'double' to 'GLfloat', possible loss of data
     1>c:\users\rhyth\desktop\cg-final\sixseasons\sixseasons\elements.h(1072): warning C4244: 'argument': conversion from 'double' to 'GLfloat', possible loss of data
     1>c:\users\rhyth\desktop\cg-final\sixseasons\sixseasons\elements.h(1073): warning C4244: 'argument': conversion from 'double' to 'GLfloat', possible loss of data
     1>c:\users\rhyth\desktop\cg-final\sixseasons\sixseasons\elements.h(1074): warning C4244: 'argument': conversion from 'double' to 'GLfloat', possible loss of data
     1>c:\users\rhyth\desktop\cg-final\sixseasons\sixseasons\elements.h(1075): warning C4244: 'argument': conversion from 'double' to 'GLfloat', possible loss of data
     1>c:\users\rhyth\desktop\cg-final\sixseasons\sixseasons\elements.h(1079): warning C4244: 'argument': conversion from 'double' to 'float', possible loss of data
     1>c:\users\rhyth\desktop\cg-final\sixseasons\sixseasons\elements.h(1084): warning C4244: 'argument': conversion from 'double' to 'GLfloat', possible loss of data
     1>c:\users\rhyth\desktop\cg-final\sixseasons\sixseasons\elements.h(1085): warning C4244: 'argument': conversion from 'double' to 'GLfloat', possible loss of data
     1>c:\users\rhyth\desktop\cg-final\sixseasons\sixseasons\elements.h(1086): warning C4244: 'argument': conversion from 'double' to 'GLfloat', possible loss of data
     1>c:\users\rhyth\desktop\cg-final\sixseasons\sixseasons\elements.h(1091): warning C4244: 'argument': conversion from 'double' to 'float', possible loss of data
     1>c:\users\rhyth\desktop\cg-final\sixseasons\sixseasons\elements.h(1095): warning C4244: 'argument': conversion from 'double' to 'GLfloat', possible loss of data
     1>c:\users\rhyth\desktop\cg-final\sixseasons\sixseasons\elements.h(1096): warning C4244: 'argument': conversion from 'double' to 'GLfloat', possible loss of data
     1>c:\users\rhyth\desktop\cg-final\sixseasons\sixseasons\elements.h(1097): warning C4244: 'argument': conversion from 'double' to 'GLfloat', possible loss of data
     1>c:\users\rhyth\desktop\cg-final\sixseasons\sixseasons\elements.h(1118): warning C4244: 'argument': conversion from 'double' to 'GLfloat', possible loss of data
     1>c:\users\rhyth\desktop\cg-final\sixseasons\sixseasons\elements.h(1119): warning C4244: 'argument': conversion from 'double' to 'GLfloat', possible loss of data
     1>c:\users\rhyth\desktop\cg-final\sixseasons\sixseasons\elements.h(1126): warning C4244: 'argument': conversion from 'double' to 'GLfloat', possible loss of data
     1>c:\users\rhyth\desktop\cg-final\sixseasons\sixseasons\elements.h(1127): warning C4244: 'argument': conversion from 'double' to 'GLfloat', possible loss of data
     1>c:\users\rhyth\desktop\cg-final\sixseasons\sixseasons\elements.h(1128): warning C4244: 'argument': conversion from 'double' to 'GLfloat', possible loss of data
     1>c:\users\rhyth\desktop\cg-final\sixseasons\sixseasons\elements.h(1129): warning C4244: 'argument': conversion from 'double' to 'GLfloat', possible loss of data
     1>c:\users\rhyth\desktop\cg-final\sixseasons\sixseasons\elements.h(1134): warning C4244: 'argument': conversion from 'double' to 'GLfloat', possible loss of data
     1>c:\users\rhyth\desktop\cg-final\sixseasons\sixseasons\elements.h(1138): warning C4244: 'argument': conversion from 'double' to 'GLfloat', possible loss of data
     1>c:\users\rhyth\desktop\cg-final\sixseasons\sixseasons\elements.h(1139): warning C4244: 'argument': conversion from 'double' to 'GLfloat', possible loss of data
     1>c:\users\rhyth\desktop\cg-final\sixseasons\sixseasons\elements.h(1140): warning C4244: 'argument': conversion from 'double' to 'GLfloat', possible loss of data
     1>c:\users\rhyth\desktop\cg-final\sixseasons\sixseasons\elements.h(1141): warning C4244: 'argument': conversion from 'double' to 'GLfloat', possible loss of data
     1>c:\users\rhyth\desktop\cg-final\sixseasons\sixseasons\elements.h(1142): warning C4244: 'argument': conversion from 'double' to 'GLfloat', possible loss of data
     1>c:\users\rhyth\desktop\cg-final\sixseasons\sixseasons\elements.h(1146): warning C4244: 'argument': conversion from 'double' to 'float', possible loss of data
     1>c:\users\rhyth\desktop\cg-final\sixseasons\sixseasons\elements.h(1149): warning C4244: 'argument': conversion from 'double' to 'float', possible loss of data
     1>c:\users\rhyth\desktop\cg-final\sixseasons\sixseasons\display.h(27): warning C4244: 'argument': conversion from 'double' to 'float', possible loss of data
     1>c:\users\rhyth\desktop\cg-final\sixseasons\sixseasons\display.h(28): warning C4244: 'argument': conversion from 'double' to 'float', possible loss of data
     1>c:\users\rhyth\desktop\cg-final\sixseasons\sixseasons\display.h(33): warning C4244: 'argument': conversion from 'double' to 'float', possible loss of data
     1>c:\users\rhyth\desktop\cg-final\sixseasons\sixseasons\display.h(34): warning C4244: 'argument': conversion from 'double' to 'float', possible loss of data
     1>c:\users\rhyth\desktop\cg-final\sixseasons\sixseasons\display.h(45): warning C4305: 'argument': truncation from 'double' to 'float'
     1>c:\users\rhyth\desktop\cg-final\sixseasons\sixseasons\display.h(46): warning C4305: 'argument': truncation from 'double' to 'float'
     1>c:\users\rhyth\desktop\cg-final\sixseasons\sixseasons\display.h(51): warning C4244: 'argument': conversion from 'double' to 'float', possible loss of data
     1>c:\users\rhyth\desktop\cg-final\sixseasons\sixseasons\display.h(54): warning C4305: 'argument': truncation from 'double' to 'float'
     1>c:\users\rhyth\desktop\cg-final\sixseasons\sixseasons\display.h(54): warning C4244: 'argument': conversion from 'double' to 'float', possible loss of data
     1>c:\users\rhyth\desktop\cg-final\sixseasons\sixseasons\display.h(55): warning C4305: 'argument': truncation from 'double' to 'float'
     1>c:\users\rhyth\desktop\cg-final\sixseasons\sixseasons\display.h(55): warning C4244: 'argument': conversion from 'double' to 'float', possible loss of data
     1>c:\users\rhyth\desktop\cg-final\sixseasons\sixseasons\display.h(63): warning C4244: 'argument': conversion from 'double' to 'float', possible loss of data
     1>c:\users\rhyth\desktop\cg-final\sixseasons\sixseasons\display.h(65): warning C4244: 'argument': conversion from 'double' to 'float', possible loss of data
     1>c:\users\rhyth\desktop\cg-final\sixseasons\sixseasons\display.h(67): warning C4244: 'argument': conversion from 'double' to 'float', possible loss of data
     1>c:\users\rhyth\desktop\cg-final\sixseasons\sixseasons\display.h(71): warning C4305: 'argument': truncation from 'double' to 'float'
     1>c:\users\rhyth\desktop\cg-final\sixseasons\sixseasons\display.h(71): warning C4244: 'argument': conversion from 'double' to 'float', possible loss of data
     1>c:\users\rhyth\desktop\cg-final\sixseasons\sixseasons\display.h(73): warning C4305: 'argument': truncation from 'double' to 'float'
     1>c:\users\rhyth\desktop\cg-final\sixseasons\sixseasons\display.h(73): warning C4244: 'argument': conversion from 'double' to 'float', possible loss of data
     1>c:\users\rhyth\desktop\cg-final\sixseasons\sixseasons\display.h(75): warning C4305: 'argument': truncation from 'double' to 'float'
     1>c:\users\rhyth\desktop\cg-final\sixseasons\sixseasons\display.h(75): warning C4244: 'argument': conversion from 'double' to 'float', possible loss of data
     1>c:\users\rhyth\desktop\cg-final\sixseasons\sixseasons\display.h(84): warning C4244: 'argument': conversion from 'double' to 'float', possible loss of data
     1>c:\users\rhyth\desktop\cg-final\sixseasons\sixseasons\display.h(92): warning C4305: 'argument': truncation from 'double' to 'float'
     1>c:\users\rhyth\desktop\cg-final\sixseasons\sixseasons\display.h(93): warning C4305: 'argument': truncation from 'double' to 'float'
     1>c:\users\rhyth\desktop\cg-final\sixseasons\sixseasons\display.h(97): warning C4305: 'argument': truncation from 'double' to 'float'
     1>c:\users\rhyth\desktop\cg-final\sixseasons\sixseasons\display.h(98): warning C4305: 'argument': truncation from 'double' to 'float'
     1>c:\users\rhyth\desktop\cg-final\sixseasons\sixseasons\display.h(100): warning C4305: 'argument': truncation from 'double' to 'float'
     1>c:\users\rhyth\desktop\cg-final\sixseasons\sixseasons\display.h(101): warning C4305: 'argument': truncation from 'double' to 'float'
     1>c:\users\rhyth\desktop\cg-final\sixseasons\sixseasons\display.h(105): warning C4305: 'argument': truncation from 'double' to 'float'
     1>c:\users\rhyth\desktop\cg-final\sixseasons\sixseasons\display.h(106): warning C4305: 'argument': truncation from 'double' to 'float'
     1>c:\users\rhyth\desktop\cg-final\sixseasons\sixseasons\display.h(108): warning C4305: 'argument': truncation from 'double' to 'float'
     1>c:\users\rhyth\desktop\cg-final\sixseasons\sixseasons\display.h(112): warning C4305: 'argument': truncation from 'double' to 'float'
     1>c:\users\rhyth\desktop\cg-final\sixseasons\sixseasons\display.h(113): warning C4305: 'argument': truncation from 'double' to 'float'
     1>c:\users\rhyth\desktop\cg-final\sixseasons\sixseasons\display.h(114): warning C4305: 'argument': truncation from 'double' to 'float'
     1>c:\users\rhyth\desktop\cg-final\sixseasons\sixseasons\display.h(121): warning C4305: 'argument': truncation from 'double' to 'float'
     1>c:\users\rhyth\desktop\cg-final\sixseasons\sixseasons\display.h(122): warning C4305: 'argument': truncation from 'double' to 'float'
     1>c:\users\rhyth\desktop\cg-final\sixseasons\sixseasons\display.h(124): warning C4305: 'argument': truncation from 'double' to 'float'
     1>c:\users\rhyth\desktop\cg-final\sixseasons\sixseasons\display.h(129): warning C4305: 'argument': truncation from 'double' to 'float'
     1>c:\users\rhyth\desktop\cg-final\sixseasons\sixseasons\display.h(130): warning C4305: 'argument': truncation from 'double' to 'float'
     1>c:\users\rhyth\desktop\cg-final\sixseasons\sixseasons\display.h(135): warning C4305: 'argument': truncation from 'double' to 'float'
     1>c:\users\rhyth\desktop\cg-final\sixseasons\sixseasons\display.h(136): warning C4305: 'argument': truncation from 'double' to 'float'
     1>c:\users\rhyth\desktop\cg-final\sixseasons\sixseasons\display.h(137): warning C4305: 'argument': truncation from 'double' to 'float'
     1>c:\users\rhyth\desktop\cg-final\sixseasons\sixseasons\display.h(139): warning C4305: 'argument': truncation from 'double' to 'float'
     1>c:\users\rhyth\desktop\cg-final\sixseasons\sixseasons\display.h(140): warning C4305: 'argument': truncation from 'double' to 'float'
     1>c:\users\rhyth\desktop\cg-final\sixseasons\sixseasons\display.h(141): warning C4305: 'argument': truncation from 'double' to 'float'
     1>c:\users\rhyth\desktop\cg-final\sixseasons\sixseasons\display.h(148): warning C4244: 'argument': conversion from 'float' to 'int', possible loss of data
     1>c:\users\rhyth\desktop\cg-final\sixseasons\sixseasons\display.h(197): warning C4305: 'argument': truncation from 'double' to 'float'
     1>c:\users\rhyth\desktop\cg-final\sixseasons\sixseasons\display.h(198): warning C4305: 'argument': truncation from 'double' to 'float'
     1>c:\users\rhyth\desktop\cg-final\sixseasons\sixseasons\display.h(200): warning C4305: 'argument': truncation from 'double' to 'float'
     1>c:\users\rhyth\desktop\cg-final\sixseasons\sixseasons\display.h(201): warning C4305: 'argument': truncation from 'double' to 'float'
     1>c:\users\rhyth\desktop\cg-final\sixseasons\sixseasons\display.h(202): warning C4305: 'argument': truncation from 'double' to 'float'
     1>c:\users\rhyth\desktop\cg-final\sixseasons\sixseasons\display.h(203): warning C4305: 'argument': truncation from 'double' to 'float'
     1>c:\users\rhyth\desktop\cg-final\sixseasons\sixseasons\display.h(204): warning C4305: 'argument': truncation from 'double' to 'float'
     1>c:\users\rhyth\desktop\cg-final\sixseasons\sixseasons\display.h(205): warning C4305: 'argument': truncation from 'double' to 'float'
     1>c:\users\rhyth\desktop\cg-final\sixseasons\sixseasons\display.h(206): warning C4305: 'argument': truncation from 'double' to 'float'
     1>c:\users\rhyth\desktop\cg-final\sixseasons\sixseasons\display.h(207): warning C4305: 'argument': truncation from 'double' to 'float'
     1>c:\users\rhyth\desktop\cg-final\sixseasons\sixseasons\display.h(208): warning C4305: 'argument': truncation from 'double' to 'float'
     1>c:\users\rhyth\desktop\cg-final\sixseasons\sixseasons\display.h(209): warning C4305: 'argument': truncation from 'double' to 'float'
     1>c:\users\rhyth\desktop\cg-final\sixseasons\sixseasons\display.h(210): warning C4305: 'argument': truncation from 'double' to 'float'
     1>c:\users\rhyth\desktop\cg-final\sixseasons\sixseasons\display.h(211): warning C4305: 'argument': truncation from 'double' to 'float'
     1>c:\users\rhyth\desktop\cg-final\sixseasons\sixseasons\display.h(212): warning C4305: 'argument': truncation from 'double' to 'float'
     1>c:\users\rhyth\desktop\cg-final\sixseasons\sixseasons\display.h(213): warning C4305: 'argument': truncation from 'double' to 'float'
     1>c:\users\rhyth\desktop\cg-final\sixseasons\sixseasons\display.h(214): warning C4305: 'argument': truncation from 'double' to 'float'
     1>c:\users\rhyth\desktop\cg-final\sixseasons\sixseasons\display.h(215): warning C4305: 'argument': truncation from 'double' to 'float'
     1>c:\users\rhyth\desktop\cg-final\sixseasons\sixseasons\display.h(238): warning C4305: 'argument': truncation from 'double' to 'float'
     1>c:\users\rhyth\desktop\cg-final\sixseasons\sixseasons\display.h(239): warning C4305: 'argument': truncation from 'double' to 'float'
     1>c:\users\rhyth\desktop\cg-final\sixseasons\sixseasons\display.h(252): warning C4244: 'argument': conversion from 'double' to 'float', possible loss of data
     1>c:\users\rhyth\desktop\cg-final\sixseasons\sixseasons\display.h(253): warning C4244: 'argument': conversion from 'double' to 'float', possible loss of data
     1>c:\users\rhyth\desktop\cg-final\sixseasons\sixseasons\display.h(254): warning C4244: 'argument': conversion from 'double' to 'float', possible loss of data
     1>c:\users\rhyth\desktop\cg-final\sixseasons\sixseasons\display.h(258): warning C4244: 'argument': conversion from 'double' to 'float', possible loss of data
     1>c:\users\rhyth\desktop\cg-final\sixseasons\sixseasons\display.h(259): warning C4244: 'argument': conversion from 'double' to 'float', possible loss of data
     1>c:\users\rhyth\desktop\cg-final\sixseasons\sixseasons\display.h(260): warning C4244: 'argument': conversion from 'double' to 'float', possible loss of data
     1>c:\users\rhyth\desktop\cg-final\sixseasons\sixseasons\display.h(281): warning C4305: 'argument': truncation from 'double' to 'float'
     1>c:\users\rhyth\desktop\cg-final\sixseasons\sixseasons\display.h(285): warning C4305: 'argument': truncation from 'double' to 'float'
     1>c:\users\rhyth\desktop\cg-final\sixseasons\sixseasons\display.h(290): warning C4305: 'argument': truncation from 'double' to 'float'
     1>c:\users\rhyth\desktop\cg-final\sixseasons\sixseasons\display.h(290): warning C4244: 'argument': conversion from 'int' to 'float', possible loss of data
     1>c:\users\rhyth\desktop\cg-final\sixseasons\sixseasons\display.h(291): warning C4305: 'argument': truncation from 'double' to 'float'
     1>c:\users\rhyth\desktop\cg-final\sixseasons\sixseasons\display.h(291): warning C4244: 'argument': conversion from 'double' to 'float', possible loss of data
     1>c:\users\rhyth\desktop\cg-final\sixseasons\sixseasons\display.h(292): warning C4305: 'argument': truncation from 'double' to 'float'
     1>c:\users\rhyth\desktop\cg-final\sixseasons\sixseasons\display.h(292): warning C4244: 'argument': conversion from 'double' to 'float', possible loss of data
     1>c:\users\rhyth\desktop\cg-final\sixseasons\sixseasons\display.h(293): warning C4305: 'argument': truncation from 'double' to 'float'
     1>c:\users\rhyth\desktop\cg-final\sixseasons\sixseasons\display.h(293): warning C4244: 'argument': conversion from 'double' to 'float', possible loss of data
     1>c:\users\rhyth\desktop\cg-final\sixseasons\sixseasons\display.h(294): warning C4305: 'argument': truncation from 'double' to 'float'
     1>c:\users\rhyth\desktop\cg-final\sixseasons\sixseasons\display.h(294): warning C4244: 'argument': conversion from 'double' to 'float', possible loss of data
     1>c:\users\rhyth\desktop\cg-final\sixseasons\sixseasons\display.h(295): warning C4305: 'argument': truncation from 'double' to 'float'
     1>c:\users\rhyth\desktop\cg-final\sixseasons\sixseasons\display.h(295): warning C4244: 'argument': conversion from 'int' to 'float', possible loss of data
     1>c:\users\rhyth\desktop\cg-final\sixseasons\sixseasons\display.h(296): warning C4305: 'argument': truncation from 'double' to 'float'
     1>c:\users\rhyth\desktop\cg-final\sixseasons\sixseasons\display.h(296): warning C4244: 'argument': conversion from 'double' to 'float', possible loss of data
     1>c:\users\rhyth\desktop\cg-final\sixseasons\sixseasons\display.h(297): warning C4305: 'argument': truncation from 'double' to 'float'
     1>c:\users\rhyth\desktop\cg-final\sixseasons\sixseasons\display.h(297): warning C4244: 'argument': conversion from 'double' to 'float', possible loss of data
     1>c:\users\rhyth\desktop\cg-final\sixseasons\sixseasons\display.h(303): warning C4244: 'argument': conversion from 'double' to 'float', possible loss of data
     1>c:\users\rhyth\desktop\cg-final\sixseasons\sixseasons\display.h(304): warning C4244: 'argument': conversion from 'double' to 'float', possible loss of data
     1>c:\users\rhyth\desktop\cg-final\sixseasons\sixseasons\display.h(305): warning C4244: 'argument': conversion from 'double' to 'float', possible loss of data
     1>c:\users\rhyth\desktop\cg-final\sixseasons\sixseasons\display.h(306): warning C4244: 'argument': conversion from 'double' to 'float', possible loss of data
     1>c:\users\rhyth\desktop\cg-final\sixseasons\sixseasons\display.h(308): warning C4244: 'argument': conversion from 'double' to 'float', possible loss of data
     1>c:\users\rhyth\desktop\cg-final\sixseasons\sixseasons\display.h(309): warning C4244: 'argument': conversion from 'double' to 'float', possible loss of data
     1>c:\users\rhyth\desktop\cg-final\sixseasons\sixseasons\display.h(310): warning C4244: 'argument': conversion from 'double' to 'float', possible loss of data
     1>c:\users\rhyth\desktop\cg-final\sixseasons\sixseasons\display.h(311): warning C4244: 'argument': conversion from 'double' to 'float', possible loss of data
     1>c:\users\rhyth\desktop\cg-final\sixseasons\sixseasons\display.h(313): warning C4244: 'argument': conversion from 'double' to 'float', possible loss of data
     1>c:\users\rhyth\desktop\cg-final\sixseasons\sixseasons\display.h(314): warning C4244: 'argument': conversion from 'double' to 'float', possible loss of data
     1>c:\users\rhyth\desktop\cg-final\sixseasons\sixseasons\display.h(315): warning C4244: 'argument': conversion from 'double' to 'float', possible loss of data
     1>c:\users\rhyth\desktop\cg-final\sixseasons\sixseasons\display.h(316): warning C4244: 'argument': conversion from 'double' to 'float', possible loss of data
     1>c:\users\rhyth\desktop\cg-final\sixseasons\sixseasons\display.h(318): warning C4244: 'argument': conversion from 'double' to 'float', possible loss of data
     1>c:\users\rhyth\desktop\cg-final\sixseasons\sixseasons\display.h(319): warning C4244: 'argument': conversion from 'double' to 'float', possible loss of data
     1>c:\users\rhyth\desktop\cg-final\sixseasons\sixseasons\display.h(320): warning C4244: 'argument': conversion from 'double' to 'float', possible loss of data
     1>c:\users\rhyth\desktop\cg-final\sixseasons\sixseasons\display.h(321): warning C4244: 'argument': conversion from 'double' to 'float', possible loss of data
     1>c:\users\rhyth\desktop\cg-final\sixseasons\sixseasons\display.h(342): warning C4305: 'argument': truncation from 'double' to 'float'
     1>c:\users\rhyth\desktop\cg-final\sixseasons\sixseasons\display.h(357): warning C4305: 'argument': truncation from 'double' to 'float'
     1>c:\users\rhyth\desktop\cg-final\sixseasons\sixseasons\display.h(357): warning C4244: 'argument': conversion from 'double' to 'float', possible loss of data
     1>c:\users\rhyth\desktop\cg-final\sixseasons\sixseasons\display.h(358): warning C4305: 'argument': truncation from 'double' to 'float'
     1>c:\users\rhyth\desktop\cg-final\sixseasons\sixseasons\display.h(358): warning C4244: 'argument': conversion from 'double' to 'float', possible loss of data
     1>c:\users\rhyth\desktop\cg-final\sixseasons\sixseasons\display.h(359): warning C4305: 'argument': truncation from 'double' to 'float'
     1>c:\users\rhyth\desktop\cg-final\sixseasons\sixseasons\display.h(359): warning C4244: 'argument': conversion from 'double' to 'float', possible loss of data
     1>c:\users\rhyth\desktop\cg-final\sixseasons\sixseasons\display.h(360): warning C4305: 'argument': truncation from 'double' to 'float'
     1>c:\users\rhyth\desktop\cg-final\sixseasons\sixseasons\display.h(360): warning C4244: 'argument': conversion from 'double' to 'float', possible loss of data
     1>c:\users\rhyth\desktop\cg-final\sixseasons\sixseasons\display.h(364): warning C4305: 'argument': truncation from 'double' to 'float'
     1>c:\users\rhyth\desktop\cg-final\sixseasons\sixseasons\display.h(364): warning C4244: 'argument': conversion from 'double' to 'float', possible loss of data
     1>c:\users\rhyth\desktop\cg-final\sixseasons\sixseasons\display.h(365): warning C4305: 'argument': truncation from 'double' to 'float'
     1>c:\users\rhyth\desktop\cg-final\sixseasons\sixseasons\display.h(365): warning C4244: 'argument': conversion from 'double' to 'float', possible loss of data
     1>c:\users\rhyth\desktop\cg-final\sixseasons\sixseasons\display.h(366): warning C4305: 'argument': truncation from 'double' to 'float'
     1>c:\users\rhyth\desktop\cg-final\sixseasons\sixseasons\display.h(366): warning C4244: 'argument': conversion from 'double' to 'float', possible loss of data
     1>c:\users\rhyth\desktop\cg-final\sixseasons\sixseasons\display.h(367): warning C4305: 'argument': truncation from 'double' to 'float'
     1>c:\users\rhyth\desktop\cg-final\sixseasons\sixseasons\display.h(367): warning C4244: 'argument': conversion from 'double' to 'float', possible loss of data
     1>c:\users\rhyth\desktop\cg-final\sixseasons\sixseasons\display.h(368): warning C4305: 'argument': truncation from 'double' to 'float'
     1>c:\users\rhyth\desktop\cg-final\sixseasons\sixseasons\display.h(368): warning C4244: 'argument': conversion from 'double' to 'float', possible loss of data
     1>c:\users\rhyth\desktop\cg-final\sixseasons\sixseasons\display.h(369): warning C4305: 'argument': truncation from 'double' to 'float'
     1>c:\users\rhyth\desktop\cg-final\sixseasons\sixseasons\display.h(369): warning C4244: 'argument': conversion from 'double' to 'float', possible loss of data
     1>c:\users\rhyth\desktop\cg-final\sixseasons\sixseasons\display.h(370): warning C4305: 'argument': truncation from 'double' to 'float'
     1>c:\users\rhyth\desktop\cg-final\sixseasons\sixseasons\display.h(370): warning C4244: 'argument': conversion from 'double' to 'float', possible loss of data
     1>c:\users\rhyth\desktop\cg-final\sixseasons\sixseasons\display.h(371): warning C4305: 'argument': truncation from 'double' to 'float'
     1>c:\users\rhyth\desktop\cg-final\sixseasons\sixseasons\display.h(371): warning C4244: 'argument': conversion from 'double' to 'float', possible loss of data
     1>c:\users\rhyth\desktop\cg-final\sixseasons\sixseasons\display.h(372): warning C4305: 'argument': truncation from 'double' to 'float'
     1>c:\users\rhyth\desktop\cg-final\sixseasons\sixseasons\display.h(372): warning C4244: 'argument': conversion from 'double' to 'float', possible loss of data
     1>c:\users\rhyth\desktop\cg-final\sixseasons\sixseasons\display.h(373): warning C4305: 'argument': truncation from 'double' to 'float'
     1>c:\users\rhyth\desktop\cg-final\sixseasons\sixseasons\display.h(373): warning C4244: 'argument': conversion from 'double' to 'float', possible loss of data
     1>c:\users\rhyth\desktop\cg-final\sixseasons\sixseasons\display.h(374): warning C4305: 'argument': truncation from 'double' to 'float'
     1>c:\users\rhyth\desktop\cg-final\sixseasons\sixseasons\display.h(374): warning C4244: 'argument': conversion from 'double' to 'float', possible loss of data
     1>c:\users\rhyth\desktop\cg-final\sixseasons\sixseasons\display.h(375): warning C4305: 'argument': truncation from 'double' to 'float'
     1>c:\users\rhyth\desktop\cg-final\sixseasons\sixseasons\display.h(375): warning C4244: 'argument': conversion from 'double' to 'float', possible loss of data
     1>c:\users\rhyth\desktop\cg-final\sixseasons\sixseasons\display.h(376): warning C4305: 'argument': truncation from 'double' to 'float'
     1>c:\users\rhyth\desktop\cg-final\sixseasons\sixseasons\display.h(376): warning C4244: 'argument': conversion from 'double' to 'float', possible loss of data
     1>c:\users\rhyth\desktop\cg-final\sixseasons\sixseasons\display.h(377): warning C4305: 'argument': truncation from 'double' to 'float'
     1>c:\users\rhyth\desktop\cg-final\sixseasons\sixseasons\display.h(377): warning C4244: 'argument': conversion from 'double' to 'float', possible loss of data
     1>c:\users\rhyth\desktop\cg-final\sixseasons\sixseasons\display.h(378): warning C4305: 'argument': truncation from 'double' to 'float'
     1>c:\users\rhyth\desktop\cg-final\sixseasons\sixseasons\display.h(378): warning C4244: 'argument': conversion from 'double' to 'float', possible loss of data
     1>c:\users\rhyth\desktop\cg-final\sixseasons\sixseasons\display.h(379): warning C4305: 'argument': truncation from 'double' to 'float'
     1>c:\users\rhyth\desktop\cg-final\sixseasons\sixseasons\display.h(379): warning C4244: 'argument': conversion from 'double' to 'float', possible loss of data
     1>c:\users\rhyth\desktop\cg-final\sixseasons\sixseasons\display.h(390): warning C4305: 'argument': truncation from 'double' to 'float'
     1>c:\users\rhyth\desktop\cg-final\sixseasons\sixseasons\display.h(392): warning C4305: 'argument': truncation from 'double' to 'float'
     1>c:\users\rhyth\desktop\cg-final\sixseasons\sixseasons\display.h(397): warning C4244: 'argument': conversion from 'double' to 'float', possible loss of data
     1>c:\users\rhyth\desktop\cg-final\sixseasons\sixseasons\display.h(398): warning C4244: 'argument': conversion from 'double' to 'float', possible loss of data
     1>c:\users\rhyth\desktop\cg-final\sixseasons\sixseasons\display.h(399): warning C4305: 'argument': truncation from 'double' to 'float'
     1>c:\users\rhyth\desktop\cg-final\sixseasons\sixseasons\display.h(399): warning C4244: 'argument': conversion from 'double' to 'float', possible loss of data
     1>c:\users\rhyth\desktop\cg-final\sixseasons\sixseasons\display.h(400): warning C4244: 'argument': conversion from 'double' to 'float', possible loss of data
     1>c:\users\rhyth\desktop\cg-final\sixseasons\sixseasons\display.h(401): warning C4305: 'argument': truncation from 'double' to 'float'
     1>c:\users\rhyth\desktop\cg-final\sixseasons\sixseasons\display.h(401): warning C4244: 'argument': conversion from 'double' to 'float', possible loss of data
     1>c:\users\rhyth\desktop\cg-final\sixseasons\sixseasons\display.h(407): warning C4244: 'argument': conversion from 'double' to 'float', possible loss of data
     1>c:\users\rhyth\desktop\cg-final\sixseasons\sixseasons\display.h(408): warning C4244: 'argument': conversion from 'double' to 'float', possible loss of data
     1>c:\users\rhyth\desktop\cg-final\sixseasons\sixseasons\display.h(409): warning C4305: 'argument': truncation from 'double' to 'float'
     1>c:\users\rhyth\desktop\cg-final\sixseasons\sixseasons\display.h(409): warning C4244: 'argument': conversion from 'double' to 'float', possible loss of data
     1>c:\users\rhyth\desktop\cg-final\sixseasons\sixseasons\display.h(410): warning C4244: 'argument': conversion from 'double' to 'float', possible loss of data
     1>c:\users\rhyth\desktop\cg-final\sixseasons\sixseasons\display.h(411): warning C4305: 'argument': truncation from 'double' to 'float'
     1>c:\users\rhyth\desktop\cg-final\sixseasons\sixseasons\display.h(411): warning C4244: 'argument': conversion from 'double' to 'float', possible loss of data
     1>c:\users\rhyth\desktop\cg-final\sixseasons\sixseasons\display.h(496): warning C4244: 'argument': conversion from 'double' to 'float', possible loss of data
     1>c:\users\rhyth\desktop\cg-final\sixseasons\sixseasons\display.h(498): warning C4244: 'argument': conversion from 'double' to 'float', possible loss of data
     1>c:\users\rhyth\desktop\cg-final\sixseasons\sixseasons\display.h(500): warning C4244: 'argument': conversion from 'double' to 'GLfloat', possible loss of data
     1>c:\users\rhyth\desktop\cg-final\sixseasons\sixseasons\display.h(501): warning C4244: 'argument': conversion from 'double' to 'GLfloat', possible loss of data
     1>c:\users\rhyth\desktop\cg-final\sixseasons\sixseasons\display.h(507): warning C4244: 'argument': conversion from 'double' to 'GLfloat', possible loss of data
       Link:
         C:\Program Files (x86)\Microsoft Visual Studio 14.0\VC\bin\link.exe /ERRORREPORT:PROMPT /OUT:"C:\Users\rhyth\Desktop\CG-FINAL\SixSeasons\Debug\SixSeasons.exe" /INCREMENTAL /NOLOGO "C:\Users\rhyth\Desktop\CG-FINAL\SixSeasons\packages\nupengl.core.0.1.0.1\build\native\../..//build/native/lib/Win32\glew32.lib" "C:\Users\rhyth\Desktop\CG-FINAL\SixSeasons\packages\nupengl.core.0.1.0.1\build\native\../..//build/native/lib/Win32\glfw3dll.lib" "C:\Users\rhyth\Desktop\CG-FINAL\SixSeasons\packages\nupengl.core.0.1.0.1\build\native\../..//build/native/lib/Win32\freeglut.lib" kernel32.lib user32.lib gdi32.lib winspool.lib comdlg32.lib advapi32.lib shell32.lib ole32.lib oleaut32.lib uuid.lib odbc32.lib odbccp32.lib /MANIFEST /MANIFESTUAC:"level='asInvoker' uiAccess='false'" /manifest:embed /Debug /PDB:"C:\Users\rhyth\Desktop\CG-FINAL\SixSeasons\Debug\SixSeasons.pdb" /SUBSYSTEM:CONSOLE /TLBID:1 /DYNAMICBASE /NXCOMPAT /IMPLIB:"C:\Users\rhyth\Desktop\CG-FINAL\SixSeasons\Debug\SixSeasons.lib" /MACHINE:X86 Debug\main.obj
         SixSeasons.vcxproj -> C:\Users\rhyth\Desktop\CG-FINAL\SixSeasons\Debug\SixSeasons.exe
     1>Done Building Project "C:\Users\rhyth\Desktop\CG-FINAL\SixSeasons\SixSeasons\SixSeasons.vcxproj" (Build target(s)).

Build succeeded.

Time Elapsed 00:00:01.25
